
> keshev-web-client@1.0.0 build C:\KESHEVPLUS\prod\keshev-web
> rimraf dist && vite build

[36mvite v6.2.5 [32mbuilding for production...[36m[39m
transforming...
[32m✓[39m 42 modules transformed.
[31m✗[39m Build failed in 5.41s
[31merror during build:
[31m[vite:esbuild] Transform failed with 1 error:
C:/KESHEVPLUS/prod/keshev-web/src/components/AccessibilityWidget.tsx:241:6: ERROR: Unexpected ">"[31m
file: [36mC:/KESHEVPLUS/prod/keshev-web/src/components/AccessibilityWidget.tsx:241:6[31m
[33m
[33mUnexpected ">"[33m
239|        existingStyle.remove();
240|      }
241|        >
   |        ^
242|          <div className="menu-header">
243|            <h2>נגישות</h2>
[31m
    at failureErrorWithLog (C:\KESHEVPLUS\prod\keshev-web\node_modules\.pnpm\esbuild@0.25.2\node_modules\esbuild\lib\main.js:1477:15)
    at C:\KESHEVPLUS\prod\keshev-web\node_modules\.pnpm\esbuild@0.25.2\node_modules\esbuild\lib\main.js:756:50
    at responseCallbacks.<computed> (C:\KESHEVPLUS\prod\keshev-web\node_modules\.pnpm\esbuild@0.25.2\node_modules\esbuild\lib\main.js:623:9)
    at handleIncomingPacket (C:\KESHEVPLUS\prod\keshev-web\node_modules\.pnpm\esbuild@0.25.2\node_modules\esbuild\lib\main.js:678:12)
    at Socket.readFromStdout (C:\KESHEVPLUS\prod\keshev-web\node_modules\.pnpm\esbuild@0.25.2\node_modules\esbuild\lib\main.js:601:7)
    at Socket.emit (node:events:517:28)
    at addChunk (node:internal/streams/readable:368:12)
    at readableAddChunk (node:internal/streams/readable:341:9)
    at Readable.push (node:internal/streams/readable:278:10)
    at Pipe.onStreamRead (node:internal/stream_base_commons:190:23)[39m
 ELIFECYCLE  Command failed with exit code 1.
